<?xml version="1.0" encoding="UTF-8"?>
<!-- Generated by org.testng.reporters.JUnitReportReporter -->
<testsuite hostname="DESKTOP-UCMITSF" name="Script.VerifyLoginLogout" tests="1" failures="0" timestamp="30 Mar 2017 19:07:44 GMT" time="10.960" errors="0">
  <testcase name="testVerifyLoginLogout" time="10.960" classname="Script.VerifyLoginLogout"/>
</testsuite> <!-- Script.VerifyLoginLogout -->
