<?xml version="1.0" encoding="UTF-8"?>
<!-- Generated by org.testng.reporters.JUnitReportReporter -->
<testsuite skipped="0" hostname="DESKTOP-UCMITSF" name="Script.VerifyLoginLogout" tests="1" failures="0" timestamp="29 Mar 2017 13:30:34 GMT" time="11.493" errors="0">
  <testcase name="testVerifyLoginLogout" time="11.493" classname="Script.VerifyLoginLogout"/>
</testsuite> <!-- Script.VerifyLoginLogout -->
