<?xml version="1.0" encoding="UTF-8"?>
<!-- Generated by org.testng.reporters.JUnitReportReporter -->
<testsuite skipped="0" hostname="DESKTOP-UCMITSF" name="Script.test1" tests="1" failures="0" timestamp="29 Mar 2017 13:08:05 GMT" time="6.341" errors="0">
  <testcase name="test" time="6.341" classname="Script.test1"/>
</testsuite> <!-- Script.test1 -->
