<?xml version="1.0" encoding="UTF-8"?>
<!-- Generated by org.testng.reporters.JUnitReportReporter -->
<testsuite skipped="0" hostname="DESKTOP-UCMITSF" name="Script.verifyLoginPage" tests="1" failures="0" timestamp="29 Mar 2017 17:03:34 GMT" time="15.035" errors="0">
  <testcase name="testVerifyLoginPage" time="15.035" classname="Script.verifyLoginPage"/>
</testsuite> <!-- Script.verifyLoginPage -->
