<?xml version="1.0" encoding="UTF-8"?>
<!-- Generated by org.testng.reporters.JUnitReportReporter -->
<testsuite skipped="1" hostname="DESKTOP-UCMITSF" name="Script.VerifyInvalidLogin" tests="1" failures="0" timestamp="15 Apr 2017 14:09:08 GMT" time="0.000" errors="0">
  <testcase name="testVerifyInvalidLogin" time="0.000" classname="Script.VerifyInvalidLogin">
    <skipped/>
  </testcase> <!-- testVerifyInvalidLogin -->
</testsuite> <!-- Script.VerifyInvalidLogin -->
