<?xml version="1.0" encoding="UTF-8"?>
<!-- Generated by org.testng.reporters.JUnitReportReporter -->
<testsuite skipped="0" hostname="DESKTOP-UCMITSF" name="Script.VerifyInvalidLogin" tests="1" failures="0" timestamp="29 Mar 2017 18:14:01 GMT" time="11.357" errors="0">
  <testcase name="testVerifyInvalidLogin" time="11.357" classname="Script.VerifyInvalidLogin"/>
</testsuite> <!-- Script.VerifyInvalidLogin -->
