<?xml version="1.0" encoding="UTF-8"?>
<!-- Generated by org.testng.reporters.JUnitReportReporter -->
<testsuite hostname="DESKTOP-UCMITSF" name="Script.VerifyVersion" tests="1" failures="0" timestamp="30 Mar 2017 18:07:42 GMT" time="7.103" errors="0">
  <testcase name="testVerifyVersion" time="7.103" classname="Script.VerifyVersion"/>
</testsuite> <!-- Script.VerifyVersion -->
