<?xml version="1.0" encoding="UTF-8"?>
<!-- Generated by org.testng.reporters.JUnitReportReporter -->
<testsuite hostname="DESKTOP-UCMITSF" name="Script.verifyLoginPage" tests="1" failures="0" timestamp="30 Mar 2017 18:07:42 GMT" time="6.708" errors="0">
  <testcase name="testVerifyLoginPage" time="6.708" classname="Script.verifyLoginPage"/>
</testsuite> <!-- Script.verifyLoginPage -->
